23:34:35.520 skipping bootstrap configuration: could not find or read file: classpath:karate-config.js
23:34:36.202 request:
1 > POST https://petstore.swagger.io/v2/user
1 > Accept-Encoding: gzip,deflate
1 > Connection: Keep-Alive
1 > Content-Length: 138
1 > Content-Type: application/json; charset=UTF-8
1 > Host: petstore.swagger.io
1 > User-Agent: Apache-HttpClient/4.5.12 (Java/11.0.15)
{"id":0,"username":"string","firstName":"string","lastName":"string","email":"string","password":"string","phone":"string","userStatus":0}

23:34:37.332 response time in milliseconds: 1124,40
1 < 200
1 < Access-Control-Allow-Headers: Content-Type, api_key, Authorization
1 < Access-Control-Allow-Methods: GET, POST, DELETE, PUT
1 < Access-Control-Allow-Origin: *
1 < Connection: keep-alive
1 < Content-Type: application/json
1 < Date: Fri, 31 Mar 2023 20:34:37 GMT
1 < Server: Jetty(9.2.9.v20150224)
1 < Transfer-Encoding: chunked
{"code":200,"type":"unknown","message":"9223372036854771991"}

, GET, PUT
1 < alt-svc: h3=":443"; ma=86400, h3-29=":443"; ma=86400
1 < referrer-policy: same-origin
1 < status: 200 OK
1 < vary: Accept,Cookie,Accept-Encoding
1 < x-content-type-options: nosniff
1 < x-frame-options: DENY
1 < x-powered-by: Phusion Passenger 6.0.7
{"responseCode": 200, "brands": [{"id": 1, "brand": "Polo"}, {"id": 2, "brand": "H&M"}, {"id": 3, "brand": "Madame"}, {"id": 4, "brand": "Madame"}, {"id": 5, "brand": "Mast & Harbour"}, {"id": 6, "brand": "H&M"}, {"id": 7, "brand": "Madame"}, {"id": 8, "brand": "Polo"}, {"id": 11, "brand": "Babyhug"}, {"id": 12, "brand": "Babyhug"}, {"id": 13, "brand": "Allen Solly Junior"}, {"id": 14, "brand": "Kookie Kids"}, {"id": 15, "brand": "Babyhug"}, {"id": 16, "brand": "Babyhug"}, {"id": 18, "brand": "Kookie Kids"}, {"id": 19, "brand": "Allen Solly Junior"}, {"id": 20, "brand": "Kookie Kids"}, {"id": 21, "brand": "Biba"}, {"id": 22, "brand": "Biba"}, {"id": 23, "brand": "Biba"}, {"id": 24, "brand": "Allen Solly Junior"}, {"id": 28, "brand": "H&M"}, {"id": 29, "brand": "Polo"}, {"id": 30, "brand": "Polo"}, {"id": 31, "brand": "H&M"}, {"id": 33, "brand": "Polo"}, {"id": 35, "brand": "H&M"}, {"id": 37, "brand": "Polo"}, {"id": 38, "brand": "Madame"}, {"id": 39, "brand": "Biba"}, {"id": 40, "brand": "Biba"}, {"id": 41, "brand": "Madame"}, {"id": 42, "brand": "Mast & Harbour"}, {"id": 43, "brand": "Mast & Harbour"}]}

23:23:48.773 [print] 34
 34
 <th>Request Method:</th>
        <td>GET</td>
      </tr>
      <tr>
        <th>Request URL:</th>
        <td>https://automationexercise.com/api/brandList</td>
      </tr>
      
    </table>
  </div>
  <div id="info">
    
      <p>
      Using the URLconf defined in <code>automation_exercise.urls</code>,
      Django tried these URL patterns, in this order:
      </p>
      <ol>
        
          <li>
            
                admin/
                
            
          </li>
        
          <li>
            
                
                
            
          </li>
        
          <li>
            
                get_product_picture/&lt;int:product_id&gt;
                
            
          </li>
        
          <li>
            
                product_details/&lt;int:product_id&gt;
                
            
          </li>
        
          <li>
            
                products
                
            
          </li>
        
          <li>
            
                contact_us
                
            
          </li>
        
          <li>
            
                add_to_cart/&lt;int:product_id&gt;
                
            
          </li>
        
          <li>
            
                view_cart
                
            
          </li>
        
          <li>
            
                delete_cart/&lt;int:product_id&gt;
                
            
          </li>
        
          <li>
            
                login
                
            
          </li>
        
          <li>
            
                signup
                
            
          </li>
        
          <li>
            
                account_created
                
            
          </li>
        
          <li>
            
                logout
                
            
          </li>
        
          <li>
            
                checkout
                
            
          </li>
        
          <li>
            
                payment
                
            
          </li>
        
          <li>
            
                delete_account
                
            
          </li>
        
          <li>
            
                brand_products/&lt;str:brand&gt;
                
            
          </li>
        
          <li>
            
                category_products/&lt;int:category_id&gt;
                
            
          </li>
        
          <li>
            
                test_cases
                
            
          </li>
        
          <li>
            
                api_list
                
            
          </li>
        
          <li>
            
                download_invoice/&lt;int:overall_amount&gt;
                
            
          </li>
        
          <li>
            
                payment_done/&lt;int:overall_amount&gt;
                
            
          </li>
        
          <li>
            
                video_tutorials
                
            
          </li>
        
          <li>
            
                api/productsList
                
            
          </li>
        
          <li>
            
                api/brandsList
                
            
          </li>
        
          <li>
            
                api/searchProduct
                
            
          </li>
        
          <li>
            
                api/verifyLogin
                
            
          </li>
        
          <li>
            
                api/createAccount
                
            
          </li>
        
          <li>
            
                api/deleteAccount
                
            
          </li>
        
          <li>
            
                api/updateAccount
                
            
          </li>
        
          <li>
            
                api/getUserDetailByEmail
                
            
          </li>
        
          <li>
            
                &lt;str:random_string&gt;
                
            
          </li>
        
          <li>
            
                ^static/(?P&lt;path&gt;.*)$
                
            
          </li>
        
      </ol>
      <p>
        
          The current path, <code>api/brandList</code>,
        
        didn’t match any of these.
      </p>
    
  </div>

  <div id="explanation">
    <p>
      You’re seeing this error because you have <code>DEBUG = True</code> in
      your Django settings file. Change that to <code>False</code>, and Django
      will display a standard 404 page.
    </p>
  </div>
</body>
</html>


23:20:49.930 xml parsing failed, response data type set to string: org.xml.sax.SAXParseException; lineNumber: 25; columnNumber: 3; The element type "meta" must be terminated by the matching end-tag "</meta>".
23:20:49.949 status code was: 404, expected: 200, response time: 1351, url: https://automationexercise.com/api/brandList, response: <!DOCTYPE html>
<html lang="en">
<head>
  <meta http-equiv="content-type" content="text/html; charset=utf-8">
  <title>Page not found at /api/brandList</title>
  <meta name="robots" content="NONE,NOARCHIVE">
  <style type="text/css">
    html * { padding:0; margin:0; }
    body * { padding:10px 20px; }
    body * * { padding:0; }
    body { font:small sans-serif; background:#eee; color:#000; }
    body>div { border-bottom:1px solid #ddd; }
    h1 { font-weight:normal; margin-bottom:.4em; }
    h1 span { font-size:60%; color:#666; font-weight:normal; }
    table { border:none; border-collapse: collapse; width:100%; }
    td, th { vertical-align:top; padding:2px 3px; }
    th { width:12em; text-align:right; color:#666; padding-right:.5em; }
    #info { background:#f6f6f6; }
    #info ol { margin: 0.5em 4em; }
    #info ol li { font-family: monospace; }
    #summary { background: #ffc; }
    #explanation { background:#eee; border-bottom: 0px none; }
    pre.exception_value { font-family: sans-serif; color: #575757; font-size: 1.5em; margin: 10px 0 10px 0; }
  </style>
</head>
<body>
  <div id="summary">
    <h1>Page not found <span>(404)</span></h1>
    
    <table class="meta">
      <tr>
        <th>Request Method:</th>
        <td>GET</td>
      </tr>
      <tr>
        <th>Request URL:</th>
        <td>https://automationexercise.com/api/brandList</td>
      </tr>
      
    </table>
  </div>
  <div id="info">
    
      <p>
      Using the URLconf defined in <code>automation_exercise.urls</code>,
      Django tried these URL patterns, in this order:
      </p>
      <ol>
        
          <li>
            
                admin/
                
            
          </li>
        
          <li>
            
                
                
            
          </li>
        
          <li>
            
                get_product_picture/&lt;int:product_id&gt;
                
            
          </li>
        
          <li>
            
                product_details/&lt;int:product_id&gt;
                
            
          </li>
        
          <li>
            
                products
                
            
          </li>
        
          <li>
            
                contact_us
                
            
          </li>
        
          <li>
            
                add_to_cart/&lt;int:product_id&gt;
                
            
          </li>
        
          <li>
            
                view_cart
                
            
          </li>
        
          <li>
            
                delete_cart/&lt;int:product_id&gt;
                
            
          </li>
        
          <li>
            
                login
                
            
          </li>
        
          <li>
            
                signup
                
            
          </li>
        
          <li>
            
                account_created
                
            
          </li>
        
          <li>
            
                logout
                
            
          </li>
        
          <li>
            
                checkout
                
            
          </li>
        
          <li>
            
                payment
                
            
          </li>
        
          <li>
            
                delete_account
                
            
          </li>
        
          <li>
            
                brand_products/&lt;str:brand&gt;
                
            
          </li>
        
          <li>
            
                category_products/&lt;int:category_id&gt;
                
            
          </li>
        
          <li>
            
                test_cases
                
            
          </li>
        
          <li>
            
                api_list
                
            
          </li>
        
          <li>
            
                download_invoice/&lt;int:overall_amount&gt;
                
            
          </li>
        
          <li>
            
                payment_done/&lt;int:overall_amount&gt;
                
            
          </li>
        
          <li>
            
                video_tutorials
                
            
          </li>
        
          <li>
            
                api/productsList
                
            
          </li>
        
          <li>
            
                api/brandsList
                
            
          </li>
        
          <li>
            
                api/searchProduct
                
            
          </li>
        
          <li>
            
                api/verifyLogin
                
            
          </li>
        
          <li>
            
                api/createAccount
                
            
          </li>
        
          <li>
            
                api/deleteAccount
                
            
          </li>
        
          <li>
            
                api/updateAccount
                
            
          </li>
        
          <li>
            
                api/getUserDetailByEmail
                
            
          </li>
        
          <li>
            
                &lt;str:random_string&gt;
                
            
          </li>
        
          <li>
            
                ^static/(?P&lt;path&gt;.*)$
                
            
          </li>
        
      </ol>
      <p>
        
          The current path, <code>api/brandList</code>,
        
        didn’t match any of these.
      </p>
    
  </div>

  <div id="explanation">
    <p>
      You’re seeing this error because you have <code>DEBUG = True</code> in
      your Django settings file. Change that to <code>False</code>, and Django
      will display a standard 404 page.
    </p>
  </div>
</body>
</html>

  "category": "Jeans"
      },
      "brand": "H&M"
    },
    {
      "price": "Rs. 1400",
      "name": "Grunt Blue Slim Fit Jeans",
      "id": 37,
      "category": {
        "usertype": {
          "usertype": "Men"
        },
        "category": "Jeans"
      },
      "brand": "Polo"
    },
    {
      "price": "Rs. 2300",
      "name": "Rose Pink Embroidered Maxi Dress",
      "id": 38,
      "category": {
        "usertype": {
          "usertype": "Women"
        },
        "category": "Dress"
      },
      "brand": "Madame"
    },
    {
      "price": "Rs. 3000",
      "name": "Cotton Silk Hand Block Print Saree",
      "id": 39,
      "category": {
        "usertype": {
          "usertype": "Women"
        },
        "category": "Saree"
      },
      "brand": "Biba"
    },
    {
      "price": "Rs. 3500",
      "name": "Rust Red Linen Saree",
      "id": 40,
      "category": {
        "usertype": {
          "usertype": "Women"
        },
        "category": "Saree"
      },
      "brand": "Biba"
    },
    {
      "price": "Rs. 5000",
      "name": "Beautiful Peacock Blue Cotton Linen Saree",
      "id": 41,
      "category": {
        "usertype": {
          "usertype": "Women"
        },
        "category": "Saree"
      },
      "brand": "Madame"
    },
    {
      "price": "Rs. 1400",
      "name": "Lace Top For Women",
      "id": 42,
      "category": {
        "usertype": {
          "usertype": "Women"
        },
        "category": "Tops"
      },
      "brand": "Mast & Harbour"
    },
    {
      "price": "Rs. 1389",
      "name": "GRAPHIC DESIGN MEN T SHIRT - BLUE",
      "id": 43,
      "category": {
        "usertype": {
          "usertype": "Men"
        },
        "category": "Tshirts"
      },
      "brand": "Mast & Harbour"
    }
  ]
}
 
    }
  ]
}

